Determining if the pthread_create exist failed with the following output:
Change Dir: /home/ubuntu/QuanergySystems/catkin_ws/build/CMakeFiles/CMakeTmp

Run Build Command:"/usr/bin/make" "cmTC_6842b/fast"
/usr/bin/make -f CMakeFiles/cmTC_6842b.dir/build.make CMakeFiles/cmTC_6842b.dir/build
make[1]: Entering directory '/home/ubuntu/QuanergySystems/catkin_ws/build/CMakeFiles/CMakeTmp'
Building C object CMakeFiles/cmTC_6842b.dir/CheckSymbolExists.c.o
/usr/bin/cc     -o CMakeFiles/cmTC_6842b.dir/CheckSymbolExists.c.o   -c /home/ubuntu/QuanergySystems/catkin_ws/build/CMakeFiles/CMakeTmp/CheckSymbolExists.c
Linking C executable cmTC_6842b
/usr/bin/cmake -E cmake_link_script CMakeFiles/cmTC_6842b.dir/link.txt --verbose=1
/usr/bin/cc       CMakeFiles/cmTC_6842b.dir/CheckSymbolExists.c.o  -o cmTC_6842b -rdynamic 
CMakeFiles/cmTC_6842b.dir/CheckSymbolExists.c.o: In function `main':
CheckSymbolExists.c:(.text+0xe): undefined reference to `pthread_create'
CheckSymbolExists.c:(.text+0x12): undefined reference to `pthread_create'
collect2: error: ld returned 1 exit status
CMakeFiles/cmTC_6842b.dir/build.make:97: recipe for target 'cmTC_6842b' failed
make[1]: *** [cmTC_6842b] Error 1
make[1]: Leaving directory '/home/ubuntu/QuanergySystems/catkin_ws/build/CMakeFiles/CMakeTmp'
Makefile:126: recipe for target 'cmTC_6842b/fast' failed
make: *** [cmTC_6842b/fast] Error 2

File /home/ubuntu/QuanergySystems/catkin_ws/build/CMakeFiles/CMakeTmp/CheckSymbolExists.c:
/* */
#include <pthread.h>

int main(int argc, char** argv)
{
  (void)argv;
#ifndef pthread_create
  return ((int*)(&pthread_create))[argc];
#else
  (void)argc;
  return 0;
#endif
}

Determining if the function pthread_create exists in the pthreads failed with the following output:
Change Dir: /home/ubuntu/QuanergySystems/catkin_ws/build/CMakeFiles/CMakeTmp

Run Build Command:"/usr/bin/make" "cmTC_29ffc/fast"
/usr/bin/make -f CMakeFiles/cmTC_29ffc.dir/build.make CMakeFiles/cmTC_29ffc.dir/build
make[1]: Entering directory '/home/ubuntu/QuanergySystems/catkin_ws/build/CMakeFiles/CMakeTmp'
Building C object CMakeFiles/cmTC_29ffc.dir/CheckFunctionExists.c.o
/usr/bin/cc    -DCHECK_FUNCTION_EXISTS=pthread_create   -o CMakeFiles/cmTC_29ffc.dir/CheckFunctionExists.c.o   -c /usr/share/cmake-3.5/Modules/CheckFunctionExists.c
Linking C executable cmTC_29ffc
/usr/bin/cmake -E cmake_link_script CMakeFiles/cmTC_29ffc.dir/link.txt --verbose=1
/usr/bin/cc   -DCHECK_FUNCTION_EXISTS=pthread_create    CMakeFiles/cmTC_29ffc.dir/CheckFunctionExists.c.o  -o cmTC_29ffc -rdynamic -lpthreads 
/usr/bin/ld: cannot find -lpthreads
collect2: error: ld returned 1 exit status
CMakeFiles/cmTC_29ffc.dir/build.make:97: recipe for target 'cmTC_29ffc' failed
make[1]: *** [cmTC_29ffc] Error 1
make[1]: Leaving directory '/home/ubuntu/QuanergySystems/catkin_ws/build/CMakeFiles/CMakeTmp'
Makefile:126: recipe for target 'cmTC_29ffc/fast' failed
make: *** [cmTC_29ffc/fast] Error 2


